<?xml version="1.0" encoding="UTF-8"?>
<robot generator="Robot 6.0.1 (Python 3.9.10 on win32)" generated="20221220 18:06:11.668" rpa="false" schemaversion="3">
<suite id="s1" name="Bugbank" source="C:\Users\Vuribi\3D Objects\bugbank">
<suite id="s1-s1" name="Resources" source="C:\Users\Vuribi\3D Objects\bugbank\resources">
<suite id="s1-s1-s1" name="Data" source="C:\Users\Vuribi\3D Objects\bugbank\resources\data">
<suite id="s1-s1-s1-s1" name="Transferencia" source="C:\Users\Vuribi\3D Objects\bugbank\resources\data\Transferencia">
<suite id="s1-s1-s1-s1-s1" name="Transferencia" source="C:\Users\Vuribi\3D Objects\bugbank\resources\data\Transferencia\Transferencia.robot">
<test id="s1-s1-s1-s1-s1-t1" name="Cenário 9 - Ao realizar uma transferência com sucesso deve ser redirecionado para o extrato" line="334">
<kw name="Cadastrar rapido" library="Base">
<arg>conta1@gmail.com</arg>
<arg>conta1</arg>
<arg>123456</arg>
<arg>123456</arg>
<kw name="Open Browser" library="Selenium2Library">
<arg>${URL}</arg>
<arg>Edge</arg>
<doc>Opens a new browser instance to the optional ``url``.</doc>
<msg timestamp="20221220 18:06:12.017" level="INFO">Opening browser 'Edge' to base url 'https://bugbank.netlify.app/'.</msg>
<status status="PASS" starttime="20221220 18:06:12.016" endtime="20221220 18:06:14.166"/>
</kw>
<kw name="Click Element" library="Selenium2Library">
<arg>${botao_cadastrar}</arg>
<doc>Click the element identified by ``locator``.</doc>
<msg timestamp="20221220 18:06:14.168" level="INFO">Clicking element '//*[@id="__next"]/div[1]/div[2]/div[1]/div[1]/form[1]/div[3]/button[2]'.</msg>
<status status="PASS" starttime="20221220 18:06:14.167" endtime="20221220 18:06:14.225"/>
</kw>
<kw name="Input Text" library="Selenium2Library">
<arg>${input_email_cadastro}</arg>
<arg>${email}</arg>
<doc>Types the given ``text`` into the text field identified by ``locator``.</doc>
<msg timestamp="20221220 18:06:14.226" level="INFO">Typing text 'conta1@gmail.com' into text field '//*[@id="__next"]/div[1]/div[2]/div[1]/div[2]/form[1]/div[2]/input[1]'.</msg>
<status status="PASS" starttime="20221220 18:06:14.225" endtime="20221220 18:06:14.366"/>
</kw>
<kw name="Input Text" library="Selenium2Library">
<arg>${input_nome_cadastro}</arg>
<arg>${nome}</arg>
<doc>Types the given ``text`` into the text field identified by ``locator``.</doc>
<msg timestamp="20221220 18:06:14.367" level="INFO">Typing text 'conta1' into text field '//*[@id="__next"]/div[1]/div[2]/div[1]/div[2]/form[1]/div[3]/input[1]'.</msg>
<status status="PASS" starttime="20221220 18:06:14.366" endtime="20221220 18:06:14.451"/>
</kw>
<kw name="Input Text" library="Selenium2Library">
<arg>${input_senha_cadastro}</arg>
<arg>${senha}</arg>
<doc>Types the given ``text`` into the text field identified by ``locator``.</doc>
<msg timestamp="20221220 18:06:14.452" level="INFO">Typing text '123456' into text field '//*[@id="__next"]/div[1]/div[2]/div[1]/div[2]/form[1]/div[4]/div[1]/input[1]'.</msg>
<status status="PASS" starttime="20221220 18:06:14.451" endtime="20221220 18:06:14.548"/>
</kw>
<kw name="Input Text" library="Selenium2Library">
<arg>${input_senha_confirmacao_cadastro}</arg>
<arg>${confirmar_senha}</arg>
<doc>Types the given ``text`` into the text field identified by ``locator``.</doc>
<msg timestamp="20221220 18:06:14.549" level="INFO">Typing text '123456' into text field '//*[@id="__next"]/div[1]/div[2]/div[1]/div[2]/form[1]/div[5]/div[1]/input[1]'.</msg>
<status status="PASS" starttime="20221220 18:06:14.548" endtime="20221220 18:06:14.661"/>
</kw>
<kw name="Click Element" library="Selenium2Library">
<arg>${botao_cadastrar_pg_cadastro}</arg>
<doc>Click the element identified by ``locator``.</doc>
<msg timestamp="20221220 18:06:14.662" level="INFO">Clicking element '//*[@id="__next"]/div[1]/div[2]/div[1]/div[2]/form[1]/button[1]'.</msg>
<status status="PASS" starttime="20221220 18:06:14.661" endtime="20221220 18:06:14.732"/>
</kw>
<kw name="Wait Until Element Is Visible" library="Selenium2Library">
<arg>${botao_fechar_card}</arg>
<doc>Waits until the element ``locator`` is visible.</doc>
<status status="PASS" starttime="20221220 18:06:14.732" endtime="20221220 18:06:14.984"/>
</kw>
<kw name="Click Element" library="Selenium2Library">
<arg>${botao_fechar_card}</arg>
<doc>Click the element identified by ``locator``.</doc>
<msg timestamp="20221220 18:06:14.985" level="INFO">Clicking element '//*[@id="btnCloseModal"]'.</msg>
<status status="PASS" starttime="20221220 18:06:14.984" endtime="20221220 18:06:15.027"/>
</kw>
<status status="PASS" starttime="20221220 18:06:12.015" endtime="20221220 18:06:15.027"/>
</kw>
<kw name="E preencho o campo Email com &quot;conta1@gmail.com&quot;" library="Base" sourcename="E preencho o campo Email com &quot;${email}&quot;">
<kw name="Clear Element Text" library="Selenium2Library">
<arg>${input_email}</arg>
<doc>Clears the value of the text-input-element identified by ``locator``.</doc>
<status status="PASS" starttime="20221220 18:06:15.029" endtime="20221220 18:06:15.066"/>
</kw>
<kw name="Input Text" library="Selenium2Library">
<arg>${input_email}</arg>
<arg>${email}</arg>
<doc>Types the given ``text`` into the text field identified by ``locator``.</doc>
<msg timestamp="20221220 18:06:15.067" level="INFO">Typing text 'conta1@gmail.com' into text field '//*[@id="__next"]/div[1]/div[2]/div[1]/div[1]/form[1]/div[1]/input[1]'.</msg>
<status status="PASS" starttime="20221220 18:06:15.066" endtime="20221220 18:06:15.164"/>
</kw>
<status status="PASS" starttime="20221220 18:06:15.028" endtime="20221220 18:06:15.165"/>
</kw>
<kw name="E preencho o campo Senha com &quot;123456&quot;" library="Base" sourcename="E preencho o campo Senha com &quot;${senha}&quot;">
<kw name="Clear Element Text" library="Selenium2Library">
<arg>${input_senha}</arg>
<doc>Clears the value of the text-input-element identified by ``locator``.</doc>
<status status="PASS" starttime="20221220 18:06:15.167" endtime="20221220 18:06:15.211"/>
</kw>
<kw name="Input Text" library="Selenium2Library">
<arg>${input_senha}</arg>
<arg>${senha}</arg>
<doc>Types the given ``text`` into the text field identified by ``locator``.</doc>
<msg timestamp="20221220 18:06:15.213" level="INFO">Typing text '123456' into text field '//*[@id="__next"]/div/div[2]/div/div[1]/form/div[2]/div/input'.</msg>
<status status="PASS" starttime="20221220 18:06:15.212" endtime="20221220 18:06:15.308"/>
</kw>
<status status="PASS" starttime="20221220 18:06:15.166" endtime="20221220 18:06:15.308"/>
</kw>
<kw name="Quando clico no botao Acessar" library="Base">
<kw name="Wait Until Element Is Visible" library="Selenium2Library">
<arg>${botao_acessar}</arg>
<doc>Waits until the element ``locator`` is visible.</doc>
<status status="PASS" starttime="20221220 18:06:15.312" endtime="20221220 18:06:15.341"/>
</kw>
<kw name="Click Element" library="Selenium2Library">
<arg>${botao_acessar}</arg>
<doc>Click the element identified by ``locator``.</doc>
<msg timestamp="20221220 18:06:15.343" level="INFO">Clicking element '//*[@id="__next"]/div[1]/div[2]/div[1]/div[1]/form[1]/div[3]/button[1]'.</msg>
<status status="PASS" starttime="20221220 18:06:15.341" endtime="20221220 18:06:15.569"/>
</kw>
<status status="PASS" starttime="20221220 18:06:15.311" endtime="20221220 18:06:15.569"/>
</kw>
<kw name="Entao consigo entrar no sistema com sucesso com o nome &quot;Olá conta1,&quot;!!!!" library="Base" sourcename="Entao consigo entrar no sistema com sucesso com o nome ${nome_usuario}!!!">
<kw name="Wait Until Element Is Visible" library="Selenium2Library">
<arg>${verifica_usuario_logado}</arg>
<doc>Waits until the element ``locator`` is visible.</doc>
<status status="PASS" starttime="20221220 18:06:15.571" endtime="20221220 18:06:15.808"/>
</kw>
<kw name="Get Text" library="Selenium2Library">
<var>${usuario_logado}</var>
<arg>${verifica_usuario_logado}</arg>
<doc>Returns the text value of the element identified by ``locator``.</doc>
<msg timestamp="20221220 18:06:15.827" level="INFO">${usuario_logado} = Olá conta1,</msg>
<status status="PASS" starttime="20221220 18:06:15.809" endtime="20221220 18:06:15.828"/>
</kw>
<kw name="Should Contain" library="BuiltIn">
<arg>${nome_usuario}</arg>
<arg>${usuario_logado}</arg>
<doc>Fails if ``container`` does not contain ``item`` one or more times.</doc>
<status status="PASS" starttime="20221220 18:06:15.828" endtime="20221220 18:06:15.829"/>
</kw>
<status status="PASS" starttime="20221220 18:06:15.570" endtime="20221220 18:06:15.829"/>
</kw>
<kw name="Get Text" library="Selenium2Library">
<var>${numero_conta}</var>
<arg>${usuario_numero_conta}</arg>
<doc>Returns the text value of the element identified by ``locator``.</doc>
<msg timestamp="20221220 18:06:15.853" level="INFO">${numero_conta} = 435-6</msg>
<status status="PASS" starttime="20221220 18:06:15.830" endtime="20221220 18:06:15.854"/>
</kw>
<kw name="Evaluate" library="BuiltIn">
<var>${numero_conta_sem_digito}</var>
<arg>"${numero_conta}".split("-")[0]</arg>
<doc>Evaluates the given expression in Python and returns the result.</doc>
<msg timestamp="20221220 18:06:15.857" level="INFO">${numero_conta_sem_digito} = 435</msg>
<status status="PASS" starttime="20221220 18:06:15.856" endtime="20221220 18:06:15.858"/>
</kw>
<kw name="Evaluate" library="BuiltIn">
<var>${digito_conta}</var>
<arg>"${numero_conta}".split("-")[1]</arg>
<doc>Evaluates the given expression in Python and returns the result.</doc>
<msg timestamp="20221220 18:06:15.860" level="INFO">${digito_conta} = 6</msg>
<status status="PASS" starttime="20221220 18:06:15.859" endtime="20221220 18:06:15.861"/>
</kw>
<kw name="Clico para Sair e retornar para o cadastro" library="Base">
<kw name="Click Element" library="Selenium2Library">
<arg>${botao_sair_conta}</arg>
<doc>Click the element identified by ``locator``.</doc>
<msg timestamp="20221220 18:06:15.864" level="INFO">Clicking element '//*[@id="btnExit"]'.</msg>
<status status="PASS" starttime="20221220 18:06:15.863" endtime="20221220 18:06:15.926"/>
</kw>
<status status="PASS" starttime="20221220 18:06:15.862" endtime="20221220 18:06:15.926"/>
</kw>
<kw name="Cadastrar rapido Cenario Conta 2" library="Base">
<arg>conta2@gmail.com</arg>
<arg>conta2</arg>
<arg>123456</arg>
<arg>123456</arg>
<kw name="Click Element" library="Selenium2Library">
<arg>${botao_cadastrar}</arg>
<doc>Click the element identified by ``locator``.</doc>
<msg timestamp="20221220 18:06:15.929" level="INFO">Clicking element '//*[@id="__next"]/div[1]/div[2]/div[1]/div[1]/form[1]/div[3]/button[2]'.</msg>
<status status="PASS" starttime="20221220 18:06:15.928" endtime="20221220 18:06:15.969"/>
</kw>
<kw name="Input Text" library="Selenium2Library">
<arg>${input_email_cadastro}</arg>
<arg>${email}</arg>
<doc>Types the given ``text`` into the text field identified by ``locator``.</doc>
<msg timestamp="20221220 18:06:15.971" level="INFO">Typing text 'conta2@gmail.com' into text field '//*[@id="__next"]/div[1]/div[2]/div[1]/div[2]/form[1]/div[2]/input[1]'.</msg>
<status status="PASS" starttime="20221220 18:06:15.970" endtime="20221220 18:06:16.069"/>
</kw>
<kw name="Input Text" library="Selenium2Library">
<arg>${input_nome_cadastro}</arg>
<arg>${nome}</arg>
<doc>Types the given ``text`` into the text field identified by ``locator``.</doc>
<msg timestamp="20221220 18:06:16.070" level="INFO">Typing text 'conta2' into text field '//*[@id="__next"]/div[1]/div[2]/div[1]/div[2]/form[1]/div[3]/input[1]'.</msg>
<status status="PASS" starttime="20221220 18:06:16.069" endtime="20221220 18:06:16.151"/>
</kw>
<kw name="Input Text" library="Selenium2Library">
<arg>${input_senha_cadastro}</arg>
<arg>${senha}</arg>
<doc>Types the given ``text`` into the text field identified by ``locator``.</doc>
<msg timestamp="20221220 18:06:16.152" level="INFO">Typing text '123456' into text field '//*[@id="__next"]/div[1]/div[2]/div[1]/div[2]/form[1]/div[4]/div[1]/input[1]'.</msg>
<status status="PASS" starttime="20221220 18:06:16.152" endtime="20221220 18:06:16.232"/>
</kw>
<kw name="Input Text" library="Selenium2Library">
<arg>${input_senha_confirmacao_cadastro}</arg>
<arg>${confirmar_senha}</arg>
<doc>Types the given ``text`` into the text field identified by ``locator``.</doc>
<msg timestamp="20221220 18:06:16.233" level="INFO">Typing text '123456' into text field '//*[@id="__next"]/div[1]/div[2]/div[1]/div[2]/form[1]/div[5]/div[1]/input[1]'.</msg>
<status status="PASS" starttime="20221220 18:06:16.233" endtime="20221220 18:06:16.317"/>
</kw>
<kw name="Wait Until Element Is Visible" library="Selenium2Library">
<arg>${opção_criar_com_saldo}</arg>
<doc>Waits until the element ``locator`` is visible.</doc>
<status status="PASS" starttime="20221220 18:06:16.317" endtime="20221220 18:06:16.336"/>
</kw>
<kw name="Click Element" library="Selenium2Library">
<arg>${opção_criar_com_saldo}</arg>
<doc>Click the element identified by ``locator``.</doc>
<msg timestamp="20221220 18:06:16.337" level="INFO">Clicking element '//*[@id="__next"]/div[1]/div[2]/div[1]/div[2]/form[1]/div[6]/label[1]/span[1]'.</msg>
<status status="PASS" starttime="20221220 18:06:16.336" endtime="20221220 18:06:16.375"/>
</kw>
<kw name="Wait Until Element Is Visible" library="Selenium2Library">
<arg>${opcao_teste_sap}</arg>
<doc>Waits until the element ``locator`` is visible.</doc>
<status status="PASS" starttime="20221220 18:06:16.375" endtime="20221220 18:06:16.393"/>
</kw>
<kw name="Click Element" library="Selenium2Library">
<arg>${opcao_teste_sap}</arg>
<doc>Click the element identified by ``locator``.</doc>
<msg timestamp="20221220 18:06:16.394" level="INFO">Clicking element '//*[@id="__next"]/div/div[2]/div/div[2]/form/div[6]/label'.</msg>
<status status="PASS" starttime="20221220 18:06:16.393" endtime="20221220 18:06:16.425"/>
</kw>
<kw name="Click Element" library="Selenium2Library">
<arg>${botao_cadastrar_pg_cadastro}</arg>
<doc>Click the element identified by ``locator``.</doc>
<msg timestamp="20221220 18:06:16.426" level="INFO">Clicking element '//*[@id="__next"]/div[1]/div[2]/div[1]/div[2]/form[1]/button[1]'.</msg>
<status status="PASS" starttime="20221220 18:06:16.425" endtime="20221220 18:06:16.465"/>
</kw>
<kw name="Wait Until Element Is Visible" library="Selenium2Library">
<arg>${botao_fechar_card}</arg>
<doc>Waits until the element ``locator`` is visible.</doc>
<status status="PASS" starttime="20221220 18:06:16.465" endtime="20221220 18:06:16.702"/>
</kw>
<kw name="Click Element" library="Selenium2Library">
<arg>${botao_fechar_card}</arg>
<doc>Click the element identified by ``locator``.</doc>
<msg timestamp="20221220 18:06:16.704" level="INFO">Clicking element '//*[@id="btnCloseModal"]'.</msg>
<status status="PASS" starttime="20221220 18:06:16.703" endtime="20221220 18:06:16.742"/>
</kw>
<status status="PASS" starttime="20221220 18:06:15.927" endtime="20221220 18:06:16.743"/>
</kw>
<kw name="E preencho o campo Email com &quot;conta2@gmail.com&quot;" library="Base" sourcename="E preencho o campo Email com &quot;${email}&quot;">
<kw name="Clear Element Text" library="Selenium2Library">
<arg>${input_email}</arg>
<doc>Clears the value of the text-input-element identified by ``locator``.</doc>
<status status="PASS" starttime="20221220 18:06:16.744" endtime="20221220 18:06:16.776"/>
</kw>
<kw name="Input Text" library="Selenium2Library">
<arg>${input_email}</arg>
<arg>${email}</arg>
<doc>Types the given ``text`` into the text field identified by ``locator``.</doc>
<msg timestamp="20221220 18:06:16.778" level="INFO">Typing text 'conta2@gmail.com' into text field '//*[@id="__next"]/div[1]/div[2]/div[1]/div[1]/form[1]/div[1]/input[1]'.</msg>
<status status="PASS" starttime="20221220 18:06:16.777" endtime="20221220 18:06:16.853"/>
</kw>
<status status="PASS" starttime="20221220 18:06:16.743" endtime="20221220 18:06:16.854"/>
</kw>
<kw name="E preencho o campo Senha com &quot;123456&quot;" library="Base" sourcename="E preencho o campo Senha com &quot;${senha}&quot;">
<kw name="Clear Element Text" library="Selenium2Library">
<arg>${input_senha}</arg>
<doc>Clears the value of the text-input-element identified by ``locator``.</doc>
<status status="PASS" starttime="20221220 18:06:16.855" endtime="20221220 18:06:16.888"/>
</kw>
<kw name="Input Text" library="Selenium2Library">
<arg>${input_senha}</arg>
<arg>${senha}</arg>
<doc>Types the given ``text`` into the text field identified by ``locator``.</doc>
<msg timestamp="20221220 18:06:16.890" level="INFO">Typing text '123456' into text field '//*[@id="__next"]/div/div[2]/div/div[1]/form/div[2]/div/input'.</msg>
<status status="PASS" starttime="20221220 18:06:16.889" endtime="20221220 18:06:16.952"/>
</kw>
<status status="PASS" starttime="20221220 18:06:16.854" endtime="20221220 18:06:16.952"/>
</kw>
<kw name="Quando clico no botao Acessar" library="Base">
<kw name="Wait Until Element Is Visible" library="Selenium2Library">
<arg>${botao_acessar}</arg>
<doc>Waits until the element ``locator`` is visible.</doc>
<status status="PASS" starttime="20221220 18:06:16.953" endtime="20221220 18:06:16.969"/>
</kw>
<kw name="Click Element" library="Selenium2Library">
<arg>${botao_acessar}</arg>
<doc>Click the element identified by ``locator``.</doc>
<msg timestamp="20221220 18:06:16.970" level="INFO">Clicking element '//*[@id="__next"]/div[1]/div[2]/div[1]/div[1]/form[1]/div[3]/button[1]'.</msg>
<status status="PASS" starttime="20221220 18:06:16.969" endtime="20221220 18:06:17.284"/>
</kw>
<status status="PASS" starttime="20221220 18:06:16.953" endtime="20221220 18:06:17.284"/>
</kw>
<kw name="Entao consigo entrar no sistema com sucesso com o nome &quot;Olá conta2,&quot;!!!!" library="Base" sourcename="Entao consigo entrar no sistema com sucesso com o nome ${nome_usuario}!!!">
<kw name="Wait Until Element Is Visible" library="Selenium2Library">
<arg>${verifica_usuario_logado}</arg>
<doc>Waits until the element ``locator`` is visible.</doc>
<status status="PASS" starttime="20221220 18:06:17.286" endtime="20221220 18:06:17.303"/>
</kw>
<kw name="Get Text" library="Selenium2Library">
<var>${usuario_logado}</var>
<arg>${verifica_usuario_logado}</arg>
<doc>Returns the text value of the element identified by ``locator``.</doc>
<msg timestamp="20221220 18:06:17.322" level="INFO">${usuario_logado} = Olá conta2,</msg>
<status status="PASS" starttime="20221220 18:06:17.303" endtime="20221220 18:06:17.323"/>
</kw>
<kw name="Should Contain" library="BuiltIn">
<arg>${nome_usuario}</arg>
<arg>${usuario_logado}</arg>
<doc>Fails if ``container`` does not contain ``item`` one or more times.</doc>
<status status="PASS" starttime="20221220 18:06:17.324" endtime="20221220 18:06:17.324"/>
</kw>
<status status="PASS" starttime="20221220 18:06:17.285" endtime="20221220 18:06:17.325"/>
</kw>
<kw name="Get Text" library="Selenium2Library">
<var>${saldo_conta}</var>
<arg>${usuario_saldo_conta}</arg>
<doc>Returns the text value of the element identified by ``locator``.</doc>
<msg timestamp="20221220 18:06:17.345" level="INFO">${saldo_conta} = R$ 0,00</msg>
<status status="PASS" starttime="20221220 18:06:17.326" endtime="20221220 18:06:17.346"/>
</kw>
<kw name="Remove String" library="String">
<var>${saldo_editado}</var>
<arg>${saldo_conta}</arg>
<arg>R$</arg>
<arg>.</arg>
<arg>,00</arg>
<doc>Removes all ``removables`` from the given ``string``.</doc>
<msg timestamp="20221220 18:06:17.347" level="INFO">${saldo_editado} =  0</msg>
<status status="PASS" starttime="20221220 18:06:17.347" endtime="20221220 18:06:17.348"/>
</kw>
<kw name="Log" library="BuiltIn">
<arg>${saldo_editado}</arg>
<doc>Logs the given message with the given level.</doc>
<msg timestamp="20221220 18:06:17.349" level="INFO"> 0</msg>
<status status="PASS" starttime="20221220 18:06:17.349" endtime="20221220 18:06:17.350"/>
</kw>
<kw name="E clico em Transferencia" library="Base">
<kw name="Click Element" library="Selenium2Library">
<arg>${botao_transferencia}</arg>
<doc>Click the element identified by ``locator``.</doc>
<msg timestamp="20221220 18:06:17.353" level="INFO">Clicking element '//*[@id="btn-TRANSFERÊNCIA"]/span/img'.</msg>
<status status="PASS" starttime="20221220 18:06:17.352" endtime="20221220 18:06:17.393"/>
</kw>
<status status="PASS" starttime="20221220 18:06:17.351" endtime="20221220 18:06:17.394"/>
</kw>
<kw name="E preencho o Numero da conta com o dado &quot;${numero_conta_sem_digito}&quot;" library="Base" sourcename="E preencho o Numero da conta com o dado &quot;${numero_conta}&quot;">
<kw name="Wait Until Element Is Visible" library="Selenium2Library">
<arg>${input_numero_conta}</arg>
<doc>Waits until the element ``locator`` is visible.</doc>
<status status="PASS" starttime="20221220 18:06:17.395" endtime="20221220 18:06:17.624"/>
</kw>
<kw name="Input Text" library="Selenium2Library">
<arg>${input_numero_conta}</arg>
<arg>${numero_conta}</arg>
<doc>Types the given ``text`` into the text field identified by ``locator``.</doc>
<msg timestamp="20221220 18:06:17.625" level="INFO">Typing text '435' into text field '//*[@id="__next"]/div/div[3]/form/div[1]/div[1]/input'.</msg>
<status status="PASS" starttime="20221220 18:06:17.624" endtime="20221220 18:06:17.698"/>
</kw>
<status status="PASS" starttime="20221220 18:06:17.394" endtime="20221220 18:06:17.698"/>
</kw>
<kw name="E preencho o Digito da conta com o dado &quot;${digito_conta}&quot;" library="Base" sourcename="E preencho o Digito da conta com o dado &quot;${input_digito}&quot;">
<kw name="Wait Until Element Is Visible" library="Selenium2Library">
<arg>${input_digito_conta}</arg>
<doc>Waits until the element ``locator`` is visible.</doc>
<status status="PASS" starttime="20221220 18:06:17.699" endtime="20221220 18:06:17.718"/>
</kw>
<kw name="Input Text" library="Selenium2Library">
<arg>${input_digito_conta}</arg>
<arg>${input_digito}</arg>
<doc>Types the given ``text`` into the text field identified by ``locator``.</doc>
<msg timestamp="20221220 18:06:17.719" level="INFO">Typing text '6' into text field '//*[@id="__next"]/div/div[3]/form/div[1]/div[2]/input'.</msg>
<status status="PASS" starttime="20221220 18:06:17.718" endtime="20221220 18:06:17.788"/>
</kw>
<status status="PASS" starttime="20221220 18:06:17.698" endtime="20221220 18:06:17.789"/>
</kw>
<kw name="E preencho o Valor da Transferencia com o dado &quot;100&quot;" library="Base" sourcename="E preencho o Valor da Transferencia com o dado &quot;${valor_transferencia}&quot;">
<kw name="Wait Until Element Is Visible" library="Selenium2Library">
<arg>${input_valor_transferencia_conta}</arg>
<doc>Waits until the element ``locator`` is visible.</doc>
<status status="PASS" starttime="20221220 18:06:17.791" endtime="20221220 18:06:17.810"/>
</kw>
<kw name="Input Text" library="Selenium2Library">
<arg>${input_valor_transferencia_conta}</arg>
<arg>${valor_transferencia}</arg>
<doc>Types the given ``text`` into the text field identified by ``locator``.</doc>
<msg timestamp="20221220 18:06:17.811" level="INFO">Typing text '100' into text field '//*[@id="__next"]/div/div[3]/form/div[2]/input'.</msg>
<status status="PASS" starttime="20221220 18:06:17.810" endtime="20221220 18:06:17.883"/>
</kw>
<status status="PASS" starttime="20221220 18:06:17.790" endtime="20221220 18:06:17.884"/>
</kw>
<kw name="E preencho a Descrição com o dado &quot;&quot;" library="Base" sourcename="E preencho a Descrição com o dado &quot;${descricao_conta}&quot;">
<kw name="Wait Until Element Is Visible" library="Selenium2Library">
<arg>${input_descricao_conta}</arg>
<doc>Waits until the element ``locator`` is visible.</doc>
<status status="PASS" starttime="20221220 18:06:17.885" endtime="20221220 18:06:17.903"/>
</kw>
<kw name="Input Text" library="Selenium2Library">
<arg>${input_descricao_conta}</arg>
<arg>${descricao_conta}</arg>
<doc>Types the given ``text`` into the text field identified by ``locator``.</doc>
<msg timestamp="20221220 18:06:17.904" level="INFO">Typing text '' into text field '//*[@id="__next"]/div/div[3]/form/div[3]/input'.</msg>
<status status="PASS" starttime="20221220 18:06:17.903" endtime="20221220 18:06:17.963"/>
</kw>
<status status="PASS" starttime="20221220 18:06:17.884" endtime="20221220 18:06:17.964"/>
</kw>
<kw name="Quando clico para Transferir" library="Base">
<kw name="Wait Until Element Is Visible" library="Selenium2Library">
<arg>${botão_transferir}</arg>
<doc>Waits until the element ``locator`` is visible.</doc>
<status status="PASS" starttime="20221220 18:06:17.965" endtime="20221220 18:06:17.983"/>
</kw>
<kw name="Click Element" library="Selenium2Library">
<arg>${botão_transferir}</arg>
<doc>Click the element identified by ``locator``.</doc>
<msg timestamp="20221220 18:06:17.984" level="INFO">Clicking element '//*[@id="__next"]/div/div[3]/form/button'.</msg>
<status status="PASS" starttime="20221220 18:06:17.984" endtime="20221220 18:06:18.022"/>
</kw>
<status status="PASS" starttime="20221220 18:06:17.964" endtime="20221220 18:06:18.022"/>
</kw>
<kw name="Verifico se deu certo a Transferencia entre as contas" library="Base">
<kw name="Wait Until Element Is Visible" library="Selenium2Library">
<arg>${label_mensagem_conta}</arg>
<doc>Waits until the element ``locator`` is visible.</doc>
<status status="PASS" starttime="20221220 18:06:18.025" endtime="20221220 18:06:18.268"/>
</kw>
<kw name="Get Text" library="Selenium2Library">
<var>${mensagem_conta}</var>
<arg>${label_mensagem_conta}</arg>
<doc>Returns the text value of the element identified by ``locator``.</doc>
<msg timestamp="20221220 18:06:18.286" level="INFO">${mensagem_conta} = Você não tem saldo suficiente para essa transação</msg>
<status status="PASS" starttime="20221220 18:06:18.269" endtime="20221220 18:06:18.286"/>
</kw>
<kw name="Should Be Equal" library="BuiltIn">
<arg>Transferencia realizada com sucesso</arg>
<arg>${mensagem_conta}</arg>
<doc>Fails if the given objects are unequal.</doc>
<msg timestamp="20221220 18:06:18.288" level="FAIL">Transferencia realizada com sucesso != Você não tem saldo suficiente para essa transação</msg>
<status status="FAIL" starttime="20221220 18:06:18.287" endtime="20221220 18:06:18.288"/>
</kw>
<status status="FAIL" starttime="20221220 18:06:18.024" endtime="20221220 18:06:18.289"/>
</kw>
<kw name="Verifico se Retorna a pagina de Extrato" library="Base">
<status status="NOT RUN" starttime="20221220 18:06:18.292" endtime="20221220 18:06:18.293"/>
</kw>
<status status="FAIL" starttime="20221220 18:06:12.013" endtime="20221220 18:06:18.295">Transferencia realizada com sucesso != Você não tem saldo suficiente para essa transação</status>
</test>
<kw name="Close All Browsers" library="Selenium2Library" type="TEARDOWN">
<doc>Closes all open browsers and resets the browser cache.</doc>
<status status="PASS" starttime="20221220 18:06:18.298" endtime="20221220 18:06:20.545"/>
</kw>
<doc>Testando a pagina Transferencia</doc>
<status status="FAIL" starttime="20221220 18:06:11.719" endtime="20221220 18:06:20.546"/>
</suite>
<status status="FAIL" starttime="20221220 18:06:11.715" endtime="20221220 18:06:20.549"/>
</suite>
<status status="FAIL" starttime="20221220 18:06:11.711" endtime="20221220 18:06:20.553"/>
</suite>
<status status="FAIL" starttime="20221220 18:06:11.704" endtime="20221220 18:06:20.557"/>
</suite>
<status status="FAIL" starttime="20221220 18:06:11.674" endtime="20221220 18:06:20.559"/>
</suite>
<statistics>
<total>
<stat pass="0" fail="1" skip="0">All Tests</stat>
</total>
<tag>
</tag>
<suite>
<stat pass="0" fail="1" skip="0" id="s1" name="Bugbank">Bugbank</stat>
<stat pass="0" fail="1" skip="0" id="s1-s1" name="Resources">Bugbank.Resources</stat>
<stat pass="0" fail="1" skip="0" id="s1-s1-s1" name="Data">Bugbank.Resources.Data</stat>
<stat pass="0" fail="1" skip="0" id="s1-s1-s1-s1" name="Transferencia">Bugbank.Resources.Data.Transferencia</stat>
<stat pass="0" fail="1" skip="0" id="s1-s1-s1-s1-s1" name="Transferencia">Bugbank.Resources.Data.Transferencia.Transferencia</stat>
</suite>
</statistics>
<errors>
</errors>
</robot>
